2025-03-05 10:29:09,103 [INFO] Activator:176 - 


2025-03-05 10:29:09,103 [INFO] Activator:177 - !SESSION log4j initialized
2025-03-05 10:29:10,663 [INFO] LogOutputStream:77 - [STDOUT_REDIRECT] 
2025-03-05 10:29:11,743 [INFO] ApplicationProperties:184 - Using Application install path: C:\ST\STM32CubeIDE_1.15.1\STM32CubeIDE\plugins\com.st.stm32cube.common.mx_6.11.1.202404110753
2025-03-05 10:29:11,751 [INFO] DbMcusXml:78 - Set database path to: C:\ST\STM32CubeIDE_1.15.1\STM32CubeIDE\plugins\com.st.stm32cube.common.mx_6.11.1.202404110753\\db\/mcu/
2025-03-05 10:29:11,751 [INFO] ApiDb:274 - Set plugin database path to: C:\ST\STM32CubeIDE_1.15.1\STM32CubeIDE\plugins\com.st.stm32cube.common.mx_6.11.1.202404110753\\db\/plugins/boardmanager/
2025-03-05 10:29:11,756 [WARN] ApiDb:259 - Overriding images path with different value:  => C:\ST\STM32CubeIDE_1.15.1\STM32CubeIDE\plugins\com.st.stm32cube.common.mx_6.11.1.202404110753\\db\/plugins/mcufinder/images/
2025-03-05 10:29:11,758 [INFO] ApiDb:250 - Set database path to: C:\Users\Luzia\.stmcufinder\plugins\mcufinder//mcu/
2025-03-05 10:29:11,758 [INFO] DbMcusAds:125 - Set database path to: C:\Users\Luzia\.stmcufinder\plugins\mcufinder//mcu/
2025-03-05 10:29:11,759 [INFO] CrossReferenceDbSqlite:203 - Set database path to: C:\Users\Luzia\.stmcufinder\plugins\mcufinder//mcu/cs/
2025-03-05 10:29:11,819 [INFO] RulesReader:64 - Compatibility file has been processed (297 Rules)
2025-03-05 10:29:11,867 [INFO] DbMcusXml:78 - Set database path to: C:\ST\STM32CubeIDE_1.15.1\STM32CubeIDE\plugins\com.st.stm32cube.common.mx_6.11.1.202404110753\\db\/mcu/
2025-03-05 10:29:11,867 [INFO] ApiDb:274 - Set plugin database path to: C:\ST\STM32CubeIDE_1.15.1\STM32CubeIDE\plugins\com.st.stm32cube.common.mx_6.11.1.202404110753\\db\/plugins/boardmanager/
2025-03-05 10:29:11,867 [INFO] ApiDb:261 - Set plugin images path to: C:\ST\STM32CubeIDE_1.15.1\STM32CubeIDE\plugins\com.st.stm32cube.common.mx_6.11.1.202404110753\\db\/plugins/mcufinder/images/
2025-03-05 10:29:11,867 [WARN] DbFile:41 - Overriding database path with different value: C:\Users\Luzia\.stmcufinder\plugins\mcufinder/ => C:\Users\Luzia\.stmcufinder\plugins\mcufinder
2025-03-05 10:29:11,867 [INFO] ApiDb:250 - Set database path to: C:\Users\Luzia\.stmcufinder\plugins\mcufinder//mcu/
2025-03-05 10:29:11,867 [WARN] DbFile:41 - Overriding database path with different value: C:\Users\Luzia\.stmcufinder\plugins\mcufinder/ => C:\Users\Luzia\.stmcufinder\plugins\mcufinder
2025-03-05 10:29:11,867 [INFO] DbMcusAds:125 - Set database path to: C:\Users\Luzia\.stmcufinder\plugins\mcufinder//mcu/
2025-03-05 10:29:11,867 [WARN] DbFile:41 - Overriding database path with different value: C:\Users\Luzia\.stmcufinder\plugins\mcufinder/ => C:\Users\Luzia\.stmcufinder\plugins\mcufinder
2025-03-05 10:29:11,867 [WARN] DbFile:41 - Overriding database path with different value: C:\Users\Luzia\.stmcufinder\plugins\mcufinder/ => C:\Users\Luzia\.stmcufinder\plugins\mcufinder
2025-03-05 10:29:11,867 [INFO] CrossReferenceDbSqlite:203 - Set database path to: C:\Users\Luzia\.stmcufinder\plugins\mcufinder//mcu/cs/
2025-03-05 10:29:11,901 [INFO] MainPanel:264 - HeapMemory: 268435456
2025-03-05 10:29:11,935 [INFO] DbMcusXml:78 - Set database path to: C:\ST\STM32CubeIDE_1.15.1\STM32CubeIDE\plugins\com.st.stm32cube.common.mx_6.11.1.202404110753\\db\/mcu/
2025-03-05 10:29:11,935 [INFO] ApiDb:274 - Set plugin database path to: C:\ST\STM32CubeIDE_1.15.1\STM32CubeIDE\plugins\com.st.stm32cube.common.mx_6.11.1.202404110753\\db\/plugins/boardmanager/
2025-03-05 10:29:11,935 [INFO] ApiDb:261 - Set plugin images path to: C:\ST\STM32CubeIDE_1.15.1\STM32CubeIDE\plugins\com.st.stm32cube.common.mx_6.11.1.202404110753\\db\/plugins/mcufinder/images/
2025-03-05 10:29:11,935 [WARN] DbFile:41 - Overriding database path with different value: C:\Users\Luzia\.stmcufinder\plugins\mcufinder/ => C:\Users\Luzia\.stmcufinder\plugins\mcufinder
2025-03-05 10:29:11,935 [INFO] ApiDb:250 - Set database path to: C:\Users\Luzia\.stmcufinder\plugins\mcufinder//mcu/
2025-03-05 10:29:11,935 [WARN] DbFile:41 - Overriding database path with different value: C:\Users\Luzia\.stmcufinder\plugins\mcufinder/ => C:\Users\Luzia\.stmcufinder\plugins\mcufinder
2025-03-05 10:29:11,935 [INFO] DbMcusAds:125 - Set database path to: C:\Users\Luzia\.stmcufinder\plugins\mcufinder//mcu/
2025-03-05 10:29:11,935 [WARN] DbFile:41 - Overriding database path with different value: C:\Users\Luzia\.stmcufinder\plugins\mcufinder/ => C:\Users\Luzia\.stmcufinder\plugins\mcufinder
2025-03-05 10:29:11,935 [WARN] DbFile:41 - Overriding database path with different value: C:\Users\Luzia\.stmcufinder\plugins\mcufinder/ => C:\Users\Luzia\.stmcufinder\plugins\mcufinder
2025-03-05 10:29:11,936 [INFO] CrossReferenceDbSqlite:203 - Set database path to: C:\Users\Luzia\.stmcufinder\plugins\mcufinder//mcu/cs/
2025-03-05 10:29:11,943 [INFO] ApplicationProperties:184 - Using Application install path: C:\ST\STM32CubeIDE_1.15.1\STM32CubeIDE\plugins\com.st.stm32cube.common.mx_6.11.1.202404110753
2025-03-05 10:29:11,945 [INFO] PluginManage:196 - Search for loadable plugins [exclusion list=, ]
2025-03-05 10:29:11,946 [INFO] PluginManage:310 - Check plugin analytics
2025-03-05 10:29:12,033 [INFO] AnalyticsPlugin:253 - Accepted Software Licenses: 
2025-03-05 10:29:12,033 [INFO] AnalyticsPlugin:255 - Accepted CMSIS Pack Licenses: 
2025-03-05 10:29:12,033 [INFO] AnalyticsPlugin:257 - Accepted Firmware Licenses: 
2025-03-05 10:29:12,034 [INFO] PluginManage:359 - Loaded plugin analytics (category:tool,tabindex:-1)
2025-03-05 10:29:12,034 [INFO] PluginManage:310 - Check plugin cadmodel
2025-03-05 10:29:12,037 [INFO] CADModel:105 - Init CAD model plugin
2025-03-05 10:29:12,037 [INFO] PluginManage:359 - Loaded plugin cadmodel (category:power,tabindex:5)
2025-03-05 10:29:12,037 [INFO] PluginManage:310 - Check plugin clock
2025-03-05 10:29:12,042 [INFO] PluginManage:359 - Loaded plugin clock (category:base,tabindex:2)
2025-03-05 10:29:12,042 [INFO] PluginManage:310 - Check plugin ddr
2025-03-05 10:29:12,043 [INFO] PluginManage:359 - Loaded plugin ddr (category:tool,tabindex:6)
2025-03-05 10:29:12,043 [INFO] PluginManage:310 - Check plugin filemanager
2025-03-05 10:29:12,127 [INFO] PluginManage:359 - Loaded plugin filemanager (category:base,tabindex:10)
2025-03-05 10:29:12,127 [INFO] PluginManage:310 - Check plugin ipmanager
2025-03-05 10:29:12,132 [INFO] PluginManage:359 - Loaded plugin ipmanager (category:base,tabindex:5)
2025-03-05 10:29:12,133 [INFO] PluginManage:310 - Check plugin lpbam
2025-03-05 10:29:12,137 [INFO] PluginManage:359 - Loaded plugin lpbam (category:base,tabindex:0)
2025-03-05 10:29:12,138 [INFO] PluginManage:310 - Check plugin memorymap
2025-03-05 10:29:12,146 [INFO] PluginManage:359 - Loaded plugin memorymap (category:base,tabindex:4)
2025-03-05 10:29:12,147 [INFO] PluginManage:310 - Check plugin pinoutandconfiguration
2025-03-05 10:29:12,150 [INFO] PluginManage:359 - Loaded plugin pinoutandconfiguration (category:base,tabindex:1)
2025-03-05 10:29:12,150 [INFO] PluginManage:310 - Check plugin pinoutconfig
2025-03-05 10:29:12,198 [WARN] SupportedApi:132 - Cannot load RTOS API schema: s4s-elt-must-match.1: The content of 'definitions' must match (annotation?, (simpleType | complexType)?, (unique | key | keyref)*)). A problem was found starting at: attribute.
2025-03-05 10:29:12,254 [INFO] PluginManage:359 - Loaded plugin pinoutconfig (category:base,tabindex:0)
2025-03-05 10:29:12,254 [INFO] PluginManage:310 - Check plugin power
2025-03-05 10:29:12,257 [INFO] PluginManage:359 - Loaded plugin power (category:power,tabindex:4)
2025-03-05 10:29:12,257 [INFO] PluginManage:310 - Check plugin projectmanager
2025-03-05 10:29:12,265 [INFO] PluginManage:359 - Loaded plugin projectmanager (category:projectmanager,tabindex:3)
2025-03-05 10:29:12,265 [INFO] PluginManage:310 - Check plugin thirdparty
2025-03-05 10:29:12,321 [INFO] PluginManage:359 - Loaded plugin thirdparty (category:base,tabindex:-1)
2025-03-05 10:29:12,321 [WARN] IntegrityCheckThread:84 - waiting for thirdparty lock release [integrity check]
2025-03-05 10:29:12,322 [INFO] PluginManage:310 - Check plugin tools
2025-03-05 10:29:12,322 [INFO] IntegrityCheckThread:86 - entering critical section [integrity check]
2025-03-05 10:29:12,322 [INFO] ThirdPartyUpdaterWithRetryManager:70 - Updater plugin not ready yet. [1/15]
2025-03-05 10:29:12,323 [INFO] PluginManage:359 - Loaded plugin tools (category:base,tabindex:7)
2025-03-05 10:29:12,323 [INFO] PluginManage:310 - Check plugin tutovideos
2025-03-05 10:29:12,397 [INFO] PluginManage:359 - Loaded plugin tutovideos (category:base,tabindex:-1)
2025-03-05 10:29:12,397 [INFO] PluginManage:310 - Check plugin updater
2025-03-05 10:29:12,402 [INFO] PluginManage:359 - Loaded plugin updater (category:base,tabindex:12)
2025-03-05 10:29:12,402 [INFO] PluginManage:310 - Check plugin userauth
2025-03-05 10:29:12,404 [INFO] UserAuth:114 - Init User Auth plugin
2025-03-05 10:29:12,404 [INFO] PluginManage:359 - Loaded plugin userauth (category:base,tabindex:14)
2025-03-05 10:29:12,404 [INFO] PluginManage:283 - PluginManage : Loaded plugins [17]
2025-03-05 10:29:12,497 [INFO] PinOutPanel:1561 - setPackage(No Configuration,No Configuration)
2025-03-05 10:29:12,531 [INFO] CADModel:165 - CPN selected for project level
2025-03-05 10:29:12,531 [INFO] CADModel:114 - Register for checkConnection events
2025-03-05 10:29:12,538 [INFO] IPUIPlugin:80 - create IPUIPlugin
2025-03-05 10:29:12,538 [INFO] PluginManager:220 - loadIPPluginJar : add adc
2025-03-05 10:29:12,539 [INFO] IPUIPlugin:80 - create IPUIPlugin
2025-03-05 10:29:12,539 [INFO] PluginManager:220 - loadIPPluginJar : add aes
2025-03-05 10:29:12,540 [INFO] IPUIPlugin:80 - create IPUIPlugin
2025-03-05 10:29:12,540 [INFO] PluginManager:220 - loadIPPluginJar : add can
2025-03-05 10:29:12,541 [INFO] IPUIPlugin:80 - create IPUIPlugin
2025-03-05 10:29:12,541 [INFO] PluginManager:220 - loadIPPluginJar : add comp
2025-03-05 10:29:12,542 [INFO] IPUIPlugin:80 - create IPUIPlugin
2025-03-05 10:29:12,542 [INFO] PluginManager:220 - loadIPPluginJar : add cryp
2025-03-05 10:29:12,543 [INFO] IPUIPlugin:80 - create IPUIPlugin
2025-03-05 10:29:12,543 [INFO] PluginManager:220 - loadIPPluginJar : add dfsdm
2025-03-05 10:29:12,545 [INFO] IPUIPlugin:80 - create IPUIPlugin
2025-03-05 10:29:12,545 [INFO] PluginManager:220 - loadIPPluginJar : add dma
2025-03-05 10:29:12,546 [INFO] IPUIPlugin:80 - create IPUIPlugin
2025-03-05 10:29:12,546 [INFO] PluginManager:220 - loadIPPluginJar : add dma3
2025-03-05 10:29:12,547 [INFO] IPUIPlugin:80 - create IPUIPlugin
2025-03-05 10:29:12,547 [INFO] PluginManager:220 - loadIPPluginJar : add extmemmanager
2025-03-05 10:29:12,548 [INFO] IPUIPlugin:80 - create IPUIPlugin
2025-03-05 10:29:12,548 [INFO] PluginManager:220 - loadIPPluginJar : add fatfs
2025-03-05 10:29:12,549 [INFO] IPUIPlugin:80 - create IPUIPlugin
2025-03-05 10:29:12,549 [INFO] PluginManager:220 - loadIPPluginJar : add fmc
2025-03-05 10:29:12,552 [INFO] IPUIPlugin:80 - create IPUIPlugin
2025-03-05 10:29:12,552 [INFO] PluginManager:220 - loadIPPluginJar : add freertos
2025-03-05 10:29:12,552 [INFO] IPUIPlugin:80 - create IPUIPlugin
2025-03-05 10:29:12,552 [INFO] PluginManager:220 - loadIPPluginJar : add genericplugin
2025-03-05 10:29:12,554 [INFO] IPUIPlugin:80 - create IPUIPlugin
2025-03-05 10:29:12,554 [INFO] PluginManager:220 - loadIPPluginJar : add gfxmmu
2025-03-05 10:29:12,555 [INFO] IPUIPlugin:80 - create IPUIPlugin
2025-03-05 10:29:12,555 [INFO] PluginManager:220 - loadIPPluginJar : add gic
2025-03-05 10:29:12,557 [INFO] IPUIPlugin:80 - create IPUIPlugin
2025-03-05 10:29:12,557 [INFO] PluginManager:220 - loadIPPluginJar : add gpio
2025-03-05 10:29:12,558 [INFO] IPUIPlugin:80 - create IPUIPlugin
2025-03-05 10:29:12,558 [INFO] PluginManager:220 - loadIPPluginJar : add gtzc
2025-03-05 10:29:12,559 [INFO] IPUIPlugin:80 - create IPUIPlugin
2025-03-05 10:29:12,559 [INFO] PluginManager:220 - loadIPPluginJar : add hash
2025-03-05 10:29:12,559 [INFO] IPUIPlugin:80 - create IPUIPlugin
2025-03-05 10:29:12,559 [INFO] PluginManager:220 - loadIPPluginJar : add i2c
2025-03-05 10:29:12,560 [INFO] IPUIPlugin:80 - create IPUIPlugin
2025-03-05 10:29:12,560 [INFO] PluginManager:220 - loadIPPluginJar : add i2s
2025-03-05 10:29:12,562 [INFO] IPUIPlugin:80 - create IPUIPlugin
2025-03-05 10:29:12,562 [INFO] PluginManager:220 - loadIPPluginJar : add i3c
2025-03-05 10:29:12,563 [INFO] IPUIPlugin:80 - create IPUIPlugin
2025-03-05 10:29:12,564 [INFO] PluginManager:220 - loadIPPluginJar : add ipddr
2025-03-05 10:29:12,566 [INFO] IPUIPlugin:80 - create IPUIPlugin
2025-03-05 10:29:12,566 [INFO] PluginManager:220 - loadIPPluginJar : add linkedlist
2025-03-05 10:29:12,568 [INFO] IPUIPlugin:80 - create IPUIPlugin
2025-03-05 10:29:12,568 [INFO] PluginManager:220 - loadIPPluginJar : add lorawan
2025-03-05 10:29:12,568 [INFO] IPUIPlugin:80 - create IPUIPlugin
2025-03-05 10:29:12,568 [INFO] PluginManager:220 - loadIPPluginJar : add ltdc
2025-03-05 10:29:12,571 [INFO] IPUIPlugin:80 - create IPUIPlugin
2025-03-05 10:29:12,571 [INFO] PluginManager:220 - loadIPPluginJar : add mdma
2025-03-05 10:29:12,573 [INFO] IPUIPlugin:80 - create IPUIPlugin
2025-03-05 10:29:12,573 [INFO] PluginManager:220 - loadIPPluginJar : add nvic
2025-03-05 10:29:12,574 [INFO] IPUIPlugin:80 - create IPUIPlugin
2025-03-05 10:29:12,574 [INFO] PluginManager:220 - loadIPPluginJar : add opamp
2025-03-05 10:29:12,576 [INFO] IPUIPlugin:80 - create IPUIPlugin
2025-03-05 10:29:12,576 [INFO] PluginManager:220 - loadIPPluginJar : add openamp
2025-03-05 10:29:12,576 [INFO] IPUIPlugin:80 - create IPUIPlugin
2025-03-05 10:29:12,576 [INFO] PluginManager:220 - loadIPPluginJar : add pdm2pcm
2025-03-05 10:29:12,580 [INFO] IPUIPlugin:80 - create IPUIPlugin
2025-03-05 10:29:12,581 [INFO] PluginManager:220 - loadIPPluginJar : add plateformsettings
2025-03-05 10:29:12,581 [INFO] IPUIPlugin:80 - create IPUIPlugin
2025-03-05 10:29:12,581 [INFO] PluginManager:220 - loadIPPluginJar : add quadspi
2025-03-05 10:29:12,584 [INFO] IPUIPlugin:80 - create IPUIPlugin
2025-03-05 10:29:12,584 [INFO] PluginManager:220 - loadIPPluginJar : add resmgrutility
2025-03-05 10:29:12,585 [INFO] IPUIPlugin:80 - create IPUIPlugin
2025-03-05 10:29:12,585 [INFO] PluginManager:220 - loadIPPluginJar : add sai
2025-03-05 10:29:12,586 [INFO] IPUIPlugin:80 - create IPUIPlugin
2025-03-05 10:29:12,586 [INFO] PluginManager:220 - loadIPPluginJar : add spi
2025-03-05 10:29:12,589 [INFO] IPUIPlugin:80 - create IPUIPlugin
2025-03-05 10:29:12,589 [INFO] PluginManager:220 - loadIPPluginJar : add stm32_wpan
2025-03-05 10:29:12,590 [INFO] IPUIPlugin:80 - create IPUIPlugin
2025-03-05 10:29:12,590 [INFO] PluginManager:220 - loadIPPluginJar : add tim
2025-03-05 10:29:12,591 [INFO] IPUIPlugin:80 - create IPUIPlugin
2025-03-05 10:29:12,591 [INFO] PluginManager:220 - loadIPPluginJar : add touchsensing
2025-03-05 10:29:12,592 [INFO] IPUIPlugin:80 - create IPUIPlugin
2025-03-05 10:29:12,592 [INFO] PluginManager:220 - loadIPPluginJar : add tracer_emb
2025-03-05 10:29:12,593 [INFO] IPUIPlugin:80 - create IPUIPlugin
2025-03-05 10:29:12,593 [INFO] PluginManager:220 - loadIPPluginJar : add ts
2025-03-05 10:29:12,594 [INFO] IPUIPlugin:80 - create IPUIPlugin
2025-03-05 10:29:12,594 [INFO] PluginManager:220 - loadIPPluginJar : add tsc
2025-03-05 10:29:12,595 [INFO] IPUIPlugin:80 - create IPUIPlugin
2025-03-05 10:29:12,595 [INFO] PluginManager:220 - loadIPPluginJar : add ucpd
2025-03-05 10:29:12,597 [INFO] IPUIPlugin:80 - create IPUIPlugin
2025-03-05 10:29:12,597 [INFO] PluginManager:220 - loadIPPluginJar : add usart
2025-03-05 10:29:12,598 [INFO] IPUIPlugin:80 - create IPUIPlugin
2025-03-05 10:29:12,598 [INFO] PluginManager:220 - loadIPPluginJar : add usbx
2025-03-05 10:29:12,698 [INFO] CADModel:165 - CPN selected for project level
2025-03-05 10:29:12,698 [INFO] CADModel:114 - Register for checkConnection events
2025-03-05 10:29:12,698 [FATAL] Updater:308 - Updater called before beeing initialized
2025-03-05 10:29:12,698 [ERROR] CADModel:125 - Updater not yet initialized, retry later 
2025-03-05 10:29:12,757 [INFO] CADModel:165 - CPN selected for project level
2025-03-05 10:29:12,758 [INFO] CADModel:114 - Register for checkConnection events
2025-03-05 10:29:12,758 [FATAL] Updater:308 - Updater called before beeing initialized
2025-03-05 10:29:12,758 [ERROR] CADModel:125 - Updater not yet initialized, retry later 
2025-03-05 10:29:12,760 [FATAL] Updater:308 - Updater called before beeing initialized
2025-03-05 10:29:12,806 [FATAL] Updater:308 - Updater called before beeing initialized
2025-03-05 10:29:12,809 [INFO] DbMcusAds:53 - JSON generation date=Tue Dec 17 17:01:15 CET 2024 (1734451275143)
2025-03-05 10:29:12,809 [FATAL] Updater:308 - Updater called before beeing initialized
2025-03-05 10:29:12,827 [WARN] DetailPanel:346 - Failed to get advertising image, set to default
2025-03-05 10:29:12,890 [FATAL] Updater:308 - Updater called before beeing initialized
2025-03-05 10:29:12,891 [FATAL] Updater:308 - Updater called before beeing initialized
2025-03-05 10:29:12,891 [FATAL] Updater:308 - Updater called before beeing initialized
2025-03-05 10:29:12,891 [WARN] DetailPanel:346 - Failed to get advertising image, set to default
2025-03-05 10:29:12,891 [FATAL] Updater:308 - Updater called before beeing initialized
2025-03-05 10:29:12,917 [ERROR] Updater:1120 - MainUpdater not yet initialized. External WinMGr cannot be set.
2025-03-05 10:29:12,918 [INFO] Updater:1056 - Updater Version found : 6.11.1
2025-03-05 10:29:12,930 [INFO] ApplicationProperties:184 - Using Application install path: C:\ST\STM32CubeIDE_1.15.1\STM32CubeIDE\plugins\com.st.stm32cube.common.mx_6.11.1.202404110753
2025-03-05 10:29:14,497 [ERROR] LogOutputStream:75 - [STDERR_REDIRECT] Mar 05, 2025 10:29:14 AM java.util.prefs.WindowsPreferences <init>
2025-03-05 10:29:14,498 [ERROR] LogOutputStream:75 - [STDERR_REDIRECT] WARNING: Could not open/create prefs root node Software\JavaSoft\Prefs at root 0xffffffff80000002. Windows RegCreateKeyEx(...) returned error code 5.
2025-03-05 10:29:14,498 [ERROR] LogOutputStream:75 - [STDERR_REDIRECT] 
2025-03-05 10:29:14,651 [INFO] MainUpdater:2873 - connection check result : 10
2025-03-05 10:29:14,652 [INFO] MainUpdater:290 - Updater Check For Update Now.
2025-03-05 10:29:14,652 [INFO] MicroXplorer:498 - Change Database Version : DB.6.0.111
2025-03-05 10:29:14,656 [INFO] McuFinderGlobals:63 - Set McuFinder mode to 2 (CubeIDE integrated)
2025-03-05 10:29:14,659 [INFO] UserAuth:415 - Internet connection configuration mode: 1
2025-03-05 10:29:14,670 [INFO] JxBrowserEngine:152 - Initiate JxBrowser Engine with user profile folder
2025-03-05 10:29:14,797 [INFO] CheckServerUpdateThread:120 - End of CheckServer Thread
2025-03-05 10:29:14,963 [INFO] WebApp:161 - Instantiating new browser for Auth
2025-03-05 10:29:15,238 [INFO] WebApp:779 - Register for checkConnection events
2025-03-05 10:29:15,238 [INFO] WebApp:414 - Apply proxy settings
2025-03-05 10:29:15,238 [INFO] WebApp:499 - Chromium requires no authentication
2025-03-05 10:29:15,242 [INFO] WebApp:442 - Direct internet connection detected
2025-03-05 10:29:15,318 [INFO] WebApp:192 - Starting web application
2025-03-05 10:29:15,318 [INFO] WebApp:544 - Web application path used C:\ST\STM32CubeIDE_1.15.1\STM32CubeIDE\plugins\com.st.stm32cube.common.mx_6.11.1.202404110753\db\plugins\mcufinder\reactClient1\index.html
2025-03-05 10:29:15,438 [WARN] PackLoader:240 - Cannot read IP mode file for STMicroelectronics.FP-SNS-MOTENVWB1.1.4.0
2025-03-05 10:29:15,442 [WARN] PackLoader:240 - Cannot read IP mode file for STMicroelectronics.FP-ATR-ASTRA1.2.0.2
2025-03-05 10:29:15,444 [WARN] PackLoader:240 - Cannot read IP mode file for STMicroelectronics.FP-ATR-ASTRA1.2.0.1
2025-03-05 10:29:15,448 [WARN] PackLoader:240 - Cannot read IP mode file for STMicroelectronics.X-CUBE-SMBUS.2.1.0
2025-03-05 10:29:15,453 [WARN] PackLoader:240 - Cannot read IP mode file for STMicroelectronics.X-CUBE-WB05N.1.1.0
2025-03-05 10:29:15,471 [WARN] PackLoader:240 - Cannot read IP mode file for STMicroelectronics.X-CUBE-AZRTOS-F7.1.1.0
2025-03-05 10:29:15,516 [WARN] PackLoader:240 - Cannot read IP mode file for STMicroelectronics.X-CUBE-MEMS1.11.0.0
2025-03-05 10:29:15,585 [WARN] PackLoader:240 - Cannot read IP mode file for STMicroelectronics.FP-SNS-FLIGHT1.5.0.2
2025-03-05 10:29:15,588 [WARN] PackLoader:240 - Cannot read IP mode file for STMicroelectronics.X-CUBE-DISPLAY.3.0.0
2025-03-05 10:29:15,593 [WARN] PackLoader:240 - Cannot read IP mode file for STMicroelectronics.X-CUBE-BLE1.7.0.0
2025-03-05 10:29:15,595 [WARN] PackLoader:240 - Cannot read IP mode file for STMicroelectronics.X-CUBE-NFC10.1.0.0
2025-03-05 10:29:15,600 [WARN] PackLoader:240 - Cannot read IP mode file for STMicroelectronics.X-CUBE-BLEMGR.4.0.0
2025-03-05 10:29:15,602 [WARN] PackLoader:240 - Cannot read IP mode file for emotas.I-CUBE-CANOPEN.1.3.0
2025-03-05 10:29:15,606 [WARN] PackLoader:240 - Cannot read IP mode file for STMicroelectronics.X-CUBE-BLEMGR.3.1.0
2025-03-05 10:29:15,608 [WARN] PackLoader:240 - Cannot read IP mode file for STMicroelectronics.X-CUBE-AI.10.0.0
2025-03-05 10:29:15,610 [WARN] PackLoader:240 - Cannot read IP mode file for STMicroelectronics.FP-SNS-SMARTAG2.1.2.0
2025-03-05 10:29:15,629 [WARN] PackLoader:240 - Cannot read IP mode file for STMicroelectronics.X-CUBE-MEMS1.11.1.0
2025-03-05 10:29:15,689 [INFO] LogOutputStream:77 - [STDOUT_REDIRECT] 1 : Invalid condition id : UX_CORESTACK_Condition cause : null
2025-03-05 10:29:15,690 [INFO] LogOutputStream:77 - [STDOUT_REDIRECT] 1 : Invalid condition id : UX_CORESTACK_Condition cause : null
2025-03-05 10:29:15,691 [INFO] LogOutputStream:77 - [STDOUT_REDIRECT] 1 : Invalid condition id : UX_CORESTACK_Condition cause : null
2025-03-05 10:29:15,691 [INFO] LogOutputStream:77 - [STDOUT_REDIRECT] 1 : Invalid condition id : UX_CORESTACK_Condition cause : null
2025-03-05 10:29:15,692 [INFO] LogOutputStream:77 - [STDOUT_REDIRECT] 1 : Invalid condition id : UX_CORESTACK_Condition cause : null
2025-03-05 10:29:15,693 [WARN] PackLoader:240 - Cannot read IP mode file for STMicroelectronics.X-CUBE-AZRTOS-WL.2.0.0
2025-03-05 10:29:15,695 [WARN] PackLoader:240 - Cannot read IP mode file for STMicroelectronics.FP-SNS-MOTENV1.5.0.0
2025-03-05 10:29:15,697 [WARN] PackLoader:240 - Cannot read IP mode file for wolfSSL.I-CUBE-wolfMQTT.1.19.0
2025-03-05 10:29:15,701 [WARN] PackLoader:240 - Cannot read IP mode file for WES.I-CUBE-Cesium.1.3.0
2025-03-05 10:29:15,704 [WARN] PackLoader:240 - Cannot read IP mode file for STMicroelectronics.X-CUBE-BLE2.3.3.0
2025-03-05 10:29:15,706 [WARN] PackLoader:240 - Cannot read IP mode file for STMicroelectronics.X-CUBE-NFC9.1.0.0
2025-03-05 10:29:15,708 [WARN] PackLoader:240 - Cannot read IP mode file for STMicroelectronics.X-CUBE-BLE1.7.1.0
2025-03-05 10:29:15,710 [WARN] PackLoader:240 - Cannot read IP mode file for STMicroelectronics.X-CUBE-TCPP.4.1.0
2025-03-05 10:29:15,716 [WARN] PackLoader:240 - Cannot read IP mode file for STMicroelectronics.X-CUBE-AZRTOS-G0.1.1.0
2025-03-05 10:29:15,718 [WARN] PackLoader:240 - Cannot read IP mode file for STMicroelectronics.X-CUBE-SAFEA1.1.2.2
2025-03-05 10:29:15,721 [WARN] PackLoader:240 - Cannot read IP mode file for STMicroelectronics.X-CUBE-NFC4.3.0.0
2025-03-05 10:29:15,726 [WARN] PackLoader:240 - Cannot read IP mode file for EmbeddedOffice.I-CUBE-FS-RTOS.1.0.1
2025-03-05 10:29:15,726 [ERROR] ConditionMgr:805 - Attr not supported : Dmpu
2025-03-05 10:29:15,726 [ERROR] ConditionMgr:805 - Attr not supported : Dmpu
2025-03-05 10:29:15,726 [ERROR] ConditionMgr:805 - Attr not supported : Dmpu
2025-03-05 10:29:15,726 [ERROR] ConditionMgr:805 - Attr not supported : Dmpu
2025-03-05 10:29:15,726 [ERROR] ConditionMgr:805 - Attr not supported : Dmpu
2025-03-05 10:29:15,726 [ERROR] ConditionMgr:805 - Attr not supported : Dmpu
2025-03-05 10:29:15,726 [ERROR] ConditionMgr:805 - Attr not supported : Dmpu
2025-03-05 10:29:15,726 [ERROR] ConditionMgr:805 - Attr not supported : Dmpu
2025-03-05 10:29:15,726 [ERROR] ConditionMgr:805 - Attr not supported : Dmpu
2025-03-05 10:29:15,726 [ERROR] ConditionMgr:805 - Attr not supported : Dmpu
2025-03-05 10:29:15,727 [ERROR] ConditionMgr:805 - Attr not supported : Dmpu
2025-03-05 10:29:15,727 [ERROR] ConditionMgr:805 - Attr not supported : Dmpu
2025-03-05 10:29:15,727 [ERROR] ConditionMgr:805 - Attr not supported : Dmpu
2025-03-05 10:29:15,727 [ERROR] ConditionMgr:805 - Attr not supported : Dmpu
2025-03-05 10:29:15,727 [ERROR] ConditionMgr:805 - Attr not supported : Dmpu
2025-03-05 10:29:15,727 [ERROR] ConditionMgr:805 - Attr not supported : Dmpu
2025-03-05 10:29:15,727 [ERROR] ConditionMgr:805 - Attr not supported : Dmpu
2025-03-05 10:29:15,727 [ERROR] ConditionMgr:805 - Attr not supported : Dmpu
2025-03-05 10:29:15,727 [ERROR] ConditionMgr:805 - Attr not supported : Dmpu
2025-03-05 10:29:15,727 [ERROR] ConditionMgr:805 - Attr not supported : Dmpu
2025-03-05 10:29:15,727 [ERROR] ConditionMgr:805 - Attr not supported : Dmpu
2025-03-05 10:29:15,727 [ERROR] ConditionMgr:805 - Attr not supported : Dmpu
2025-03-05 10:29:15,727 [ERROR] ConditionMgr:805 - Attr not supported : Dmpu
2025-03-05 10:29:15,727 [ERROR] ConditionMgr:805 - Attr not supported : Dmpu
2025-03-05 10:29:15,727 [ERROR] ConditionMgr:805 - Attr not supported : Dmpu
2025-03-05 10:29:15,727 [ERROR] ConditionMgr:805 - Attr not supported : Dmpu
2025-03-05 10:29:15,727 [ERROR] ConditionMgr:805 - Attr not supported : Dmpu
2025-03-05 10:29:15,727 [ERROR] ConditionMgr:805 - Attr not supported : Dmpu
2025-03-05 10:29:15,727 [ERROR] ConditionMgr:805 - Attr not supported : Dmpu
2025-03-05 10:29:15,727 [ERROR] ConditionMgr:805 - Attr not supported : Dmpu
2025-03-05 10:29:15,727 [ERROR] ConditionMgr:805 - Attr not supported : Dmpu
2025-03-05 10:29:15,727 [ERROR] ConditionMgr:805 - Attr not supported : Dmpu
2025-03-05 10:29:15,727 [ERROR] ConditionMgr:805 - Attr not supported : Dmpu
2025-03-05 10:29:15,727 [ERROR] ConditionMgr:805 - Attr not supported : Dmpu
2025-03-05 10:29:15,727 [ERROR] ConditionMgr:805 - Attr not supported : Dmpu
2025-03-05 10:29:15,727 [ERROR] ConditionMgr:805 - Attr not supported : Dmpu
2025-03-05 10:29:15,727 [ERROR] ConditionMgr:805 - Attr not supported : Dmpu
2025-03-05 10:29:15,727 [ERROR] ConditionMgr:805 - Attr not supported : Dmpu
2025-03-05 10:29:15,727 [ERROR] ConditionMgr:805 - Attr not supported : Dmpu
2025-03-05 10:29:15,727 [ERROR] ConditionMgr:805 - Attr not supported : Dmpu
2025-03-05 10:29:15,727 [ERROR] ConditionMgr:805 - Attr not supported : Dmpu
2025-03-05 10:29:15,728 [ERROR] ConditionMgr:805 - Attr not supported : Dmpu
2025-03-05 10:29:15,728 [ERROR] ConditionMgr:805 - Attr not supported : Dmpu
2025-03-05 10:29:15,728 [ERROR] ConditionMgr:805 - Attr not supported : Dmpu
2025-03-05 10:29:15,728 [ERROR] ConditionMgr:805 - Attr not supported : Dmpu
2025-03-05 10:29:15,728 [ERROR] ConditionMgr:805 - Attr not supported : Dmpu
2025-03-05 10:29:15,728 [ERROR] ConditionMgr:805 - Attr not supported : Dmpu
2025-03-05 10:29:15,728 [ERROR] ConditionMgr:805 - Attr not supported : Dmpu
2025-03-05 10:29:15,728 [ERROR] ConditionMgr:805 - Attr not supported : Dmpu
2025-03-05 10:29:15,728 [ERROR] ConditionMgr:805 - Attr not supported : Dmpu
2025-03-05 10:29:15,728 [ERROR] ConditionMgr:805 - Attr not supported : Dmpu
2025-03-05 10:29:15,728 [ERROR] ConditionMgr:805 - Attr not supported : Dmpu
2025-03-05 10:29:15,728 [ERROR] ConditionMgr:805 - Attr not supported : Dmpu
2025-03-05 10:29:15,728 [ERROR] ConditionMgr:805 - Attr not supported : Dmpu
2025-03-05 10:29:15,728 [ERROR] ConditionMgr:805 - Attr not supported : Dmpu
2025-03-05 10:29:15,728 [ERROR] ConditionMgr:805 - Attr not supported : Dmpu
2025-03-05 10:29:15,728 [ERROR] ConditionMgr:805 - Attr not supported : Dmpu
2025-03-05 10:29:15,728 [ERROR] ConditionMgr:805 - Attr not supported : Dmpu
2025-03-05 10:29:15,728 [ERROR] ConditionMgr:805 - Attr not supported : Dmpu
2025-03-05 10:29:15,728 [ERROR] ConditionMgr:805 - Attr not supported : Dmpu
2025-03-05 10:29:15,728 [ERROR] ConditionMgr:805 - Attr not supported : Dmpu
2025-03-05 10:29:15,729 [ERROR] ConditionMgr:805 - Attr not supported : Dmpu
2025-03-05 10:29:15,729 [ERROR] ConditionMgr:805 - Attr not supported : Dmpu
2025-03-05 10:29:15,729 [ERROR] ConditionMgr:805 - Attr not supported : Dmpu
2025-03-05 10:29:15,730 [ERROR] Engine:466 - C:\Users\Luzia\.stm32cubemx\thirdparties\pdsc\STMicroelectronics.X-CUBE-TCPP.4.2.0.pdsc: PDSC version is not supported
2025-03-05 10:29:15,732 [WARN] PackLoader:240 - Cannot read IP mode file for RealThread.X-CUBE-RT-Thread_Nano.4.1.1
2025-03-05 10:29:15,734 [WARN] PackLoader:240 - Cannot read IP mode file for STMicroelectronics.FP-ATR-SIGFOX1.3.2.0
2025-03-05 10:29:15,736 [WARN] PackLoader:240 - Cannot read IP mode file for wolfSSL.I-CUBE-wolfSSL.5.7.2
2025-03-05 10:29:15,737 [WARN] ConditionMgr:438 - getConditionDescription Invalid condition id : Cortex-A Device cause : null
2025-03-05 10:29:15,754 [WARN] ConditionMgr:1039 - genDependencies : Invalid condition id : Cortex-A Device cause : null
2025-03-05 10:29:15,754 [WARN] ConditionMgr:1039 - genDependencies : Invalid condition id : Cortex-A Device cause : null
2025-03-05 10:29:15,754 [WARN] ConditionMgr:1039 - genDependencies : Invalid condition id : Cortex-A Device cause : null
2025-03-05 10:29:15,756 [WARN] PackLoader:240 - Cannot read IP mode file for STMicroelectronics.X-CUBE-EEPRMA1.5.1.0
2025-03-05 10:29:15,761 [WARN] PackLoader:240 - Cannot read IP mode file for ITTIA_DB.I-CUBE-ITTIADB.8.9.0
2025-03-05 10:29:15,777 [WARN] PackLoader:240 - Cannot read IP mode file for SEGGER.I-CUBE-embOS.1.3.1
2025-03-05 10:29:15,799 [WARN] PackLoader:240 - Cannot read IP mode file for STMicroelectronics.X-CUBE-ALGOBUILD.1.4.0
2025-03-05 10:29:15,800 [WARN] PackLoader:240 - Cannot read IP mode file for STMicroelectronics.X-CUBE-AI.9.1.0
2025-03-05 10:29:15,805 [WARN] PackLoader:240 - Cannot read IP mode file for STMicroelectronics.X-CUBE-AZRTOS-F4.1.1.0
2025-03-05 10:29:15,808 [WARN] PackLoader:240 - Cannot read IP mode file for STMicroelectronics.X-CUBE-ISPU.2.1.0
2025-03-05 10:29:15,810 [WARN] PackLoader:240 - Cannot read IP mode file for STMicroelectronics.X-CUBE-FREERTOS.1.2.0
2025-03-05 10:29:15,817 [WARN] PackLoader:240 - Cannot read IP mode file for STMicroelectronics.X-CUBE-AZRTOS-L5.2.0.0
2025-03-05 10:29:15,823 [WARN] PackLoader:240 - Cannot read IP mode file for STMicroelectronics.X-CUBE-NFC6.3.1.0
2025-03-05 10:29:15,827 [WARN] PackLoader:240 - Cannot read IP mode file for STMicroelectronics.X-CUBE-DPower.1.2.0
2025-03-05 10:29:15,828 [WARN] PackLoader:240 - Cannot read IP mode file for STMicroelectronics.X-CUBE-FREERTOS.1.3.0
2025-03-05 10:29:15,830 [WARN] PackLoader:240 - Cannot read IP mode file for STMicroelectronics.X-CUBE-NFC7.1.0.1
2025-03-05 10:29:15,836 [WARN] ConditionMgr:438 - getConditionDescription Invalid condition id : LAN8742 Phy interface Condition cause : null
2025-03-05 10:29:15,836 [WARN] PackLoader:240 - Cannot read IP mode file for STMicroelectronics.X-CUBE-AZRTOS-L4.2.0.0
2025-03-05 10:29:15,837 [WARN] ConditionMgr:1039 - genDependencies : Invalid condition id : LAN8742 Phy interface Condition cause : null
2025-03-05 10:29:15,837 [WARN] ConditionMgr:1039 - genDependencies : Invalid condition id : LAN8742 Phy interface Condition cause : null
2025-03-05 10:29:15,837 [WARN] ConditionMgr:1039 - genDependencies : Invalid condition id : LAN8742 Phy interface Condition cause : null
2025-03-05 10:29:15,841 [WARN] PackLoader:240 - Cannot read IP mode file for STMicroelectronics.X-CUBE-SFXS2LP1.4.0.0
2025-03-05 10:29:15,849 [WARN] PackLoader:240 - Cannot read IP mode file for STMicroelectronics.X-CUBE-AZRTOS-H7.3.3.0
2025-03-05 10:29:15,853 [WARN] PackLoader:240 - Cannot read IP mode file for STMicroelectronics.X-CUBE-IPS.3.0.0
2025-03-05 10:29:15,863 [WARN] ConditionMgr:438 - getConditionDescription Invalid condition id : UX DEVICE CLASS RTOS Condition cause : null
2025-03-05 10:29:15,863 [WARN] ConditionMgr:438 - getConditionDescription Invalid condition id : UX DEVICE CLASS RTOS Condition cause : null
2025-03-05 10:29:15,864 [WARN] PackLoader:240 - Cannot read IP mode file for STMicroelectronics.X-CUBE-AZRTOS-WB.2.0.0
2025-03-05 10:29:15,864 [WARN] ConditionMgr:1039 - genDependencies : Invalid condition id : UX DEVICE CLASS RTOS Condition cause : null
2025-03-05 10:29:15,864 [WARN] ConditionMgr:1039 - genDependencies : Invalid condition id : UX DEVICE CLASS RTOS Condition cause : null
2025-03-05 10:29:15,864 [WARN] ConditionMgr:1039 - genDependencies : Invalid condition id : UX DEVICE CLASS RTOS Condition cause : null
2025-03-05 10:29:15,865 [WARN] ConditionMgr:1039 - genDependencies : Invalid condition id : UX DEVICE CLASS RTOS Condition cause : null
2025-03-05 10:29:15,865 [WARN] ConditionMgr:1039 - genDependencies : Invalid condition id : UX DEVICE CLASS RTOS Condition cause : null
2025-03-05 10:29:15,867 [WARN] PackLoader:240 - Cannot read IP mode file for STMicroelectronics.X-CUBE-GNSS1.7.0.0
2025-03-05 10:29:15,869 [WARN] PackLoader:240 - Cannot read IP mode file for STMicroelectronics.X-CUBE-GNSS1.7.0.1
2025-03-05 10:29:15,872 [WARN] PackLoader:240 - Cannot read IP mode file for STMicroelectronics.FP-SNS-STBOX1.2.0.0
2025-03-05 10:29:15,876 [WARN] PackLoader:240 - Cannot read IP mode file for STMicroelectronics.X-CUBE-SUBG2.5.0.0
2025-03-05 10:29:15,880 [WARN] PackLoader:240 - Cannot read IP mode file for Cesanta.I-CUBE-Mongoose.7.13.0
2025-03-05 10:29:15,884 [WARN] PackLoader:240 - Cannot read IP mode file for STMicroelectronics.X-CUBE-AZRTOS-G4.2.0.0
2025-03-05 10:29:15,886 [ERROR] Engine:466 - C:\Users\Luzia\.stm32cubemx\thirdparties\pdsc\STMicroelectronics.X-CUBE-IPS.3.1.0.pdsc: PDSC version is not supported
2025-03-05 10:29:15,888 [WARN] PackLoader:240 - Cannot read IP mode file for STMicroelectronics.X-CUBE-ALS.1.0.2
2025-03-05 10:29:15,891 [WARN] PackLoader:240 - Cannot read IP mode file for STMicroelectronics.X-CUBE-TOUCHGFX.4.24.2
2025-03-05 10:29:15,892 [WARN] PackLoader:240 - Cannot read IP mode file for STMicroelectronics.X-CUBE-TOUCHGFX.4.24.1
2025-03-05 10:29:15,893 [WARN] PackLoader:240 - Cannot read IP mode file for wolfSSL.I-CUBE-wolfTPM.3.4.0
2025-03-05 10:29:15,895 [WARN] PackLoader:240 - Cannot read IP mode file for portGmbH.I-Cube-SoM-uGOAL.1.1.0
2025-03-05 10:29:15,900 [WARN] PackLoader:240 - Cannot read IP mode file for STMicroelectronics.X-CUBE-AZRTOS-H7RS.1.0.0
2025-03-05 10:29:15,903 [WARN] PackLoader:240 - Cannot read IP mode file for STMicroelectronics.FP-ATR-ASTRA1.2.0.0
2025-03-05 10:29:15,906 [WARN] PackLoader:240 - Cannot read IP mode file for STMicroelectronics.X-CUBE-TOF1.3.4.2
2025-03-05 10:29:15,920 [WARN] PackLoader:240 - Cannot read IP mode file for Infineon.AIROC-Wi-Fi-Bluetooth-STM32.1.6.1
2025-03-05 10:29:15,922 [WARN] PackLoader:240 - Cannot read IP mode file for wolfSSL.I-CUBE-wolfSSH.1.4.17
2025-03-05 10:29:15,923 [INFO] ThirdParty:978 - Integrity check success = true
2025-03-05 10:29:15,923 [INFO] IntegrityCheckThread:100 - exiting critical section [integrity check]
2025-03-05 10:29:15,923 [INFO] IntegrityCheckThread:103 - End integrity checks thread
2025-03-05 10:43:35,522 [ERROR] LogOutputStream:75 - [STDERR_REDIRECT] 
2025-03-05 10:43:35,523 [ERROR] LogOutputStream:75 - [STDERR_REDIRECT] 
